<?xml version="1.0" encoding="UTF-8"?>
<coverage generated="1684540405860" clover="3.2.0">
  <project timestamp="1684540405860" name="All files">
    <metrics statements="9" coveredstatements="9" conditionals="2" coveredconditionals="1" methods="2" coveredmethods="2" elements="13" coveredelements="12" complexity="0" loc="9" ncloc="9" packages="1" files="2" classes="2"/>
    <file name="logger.js" path="/home/nmullaney/projects/courses/401/api-server/src/middleware/logger.js">
      <metrics statements="4" coveredstatements="4" conditionals="0" coveredconditionals="0" methods="1" coveredmethods="1"/>
      <line num="1" count="1" type="stmt"/>
      <line num="3" count="1" type="stmt"/>
      <line num="5" count="1" type="stmt"/>
      <line num="6" count="1" type="stmt"/>
    </file>
    <file name="validator.js" path="/home/nmullaney/projects/courses/401/api-server/src/middleware/validator.js">
      <metrics statements="5" coveredstatements="5" conditionals="2" coveredconditionals="1" methods="1" coveredmethods="1"/>
      <line num="3" count="1" type="stmt"/>
      <line num="4" count="2" type="stmt"/>
      <line num="5" count="2" type="cond" truecount="1" falsecount="1"/>
      <line num="6" count="2" type="stmt"/>
      <line num="8" count="2" type="stmt"/>
    </file>
  </project>
</coverage>
